Fri Mar 12 18:49:33 2021
B:Sem opened.
Fri Mar 12 18:49:33 2021
A:Sem opened.
Fri Mar 12 18:49:33 2021
C:Sem opened.
Fri Mar 12 18:49:33 2021
D:Sem opened.
Fri Mar 12 18:55:42 2021
B:Sem opened.
Fri Mar 12 18:55:42 2021
A:Sem opened.
Fri Mar 12 18:55:42 2021
C:Sem opened.
Fri Mar 12 18:55:42 2021
D:Sem opened.
Fri Mar 12 18:55:46 2021
B:Sem opened.
Fri Mar 12 18:55:46 2021
C:Sem opened.
Fri Mar 12 18:55:46 2021
D:Sem opened.
Fri Mar 12 18:55:46 2021
A:Sem opened.
Fri Mar 12 18:55:49 2021
B:Sem opened.
Fri Mar 12 18:55:49 2021
A:Sem opened.
Fri Mar 12 18:55:49 2021
D:Sem opened.
Fri Mar 12 18:55:49 2021
C:Sem opened.
